<?xml version="1.0" encoding="UTF-8"?>
<testsuite xmlns:xsi="http://www.w3.org/2001/XMLSchema-instance" xsi:noNamespaceSchemaLocation="https://maven.apache.org/surefire/maven-surefire-plugin/xsd/surefire-test-report.xsd" name="com.soap.webservices.soapcursespringboot.SoapCurseSpringbootApplicationTests" time="7.469" tests="1" errors="0" skipped="0" failures="0">
  <properties>
    <property name="sun.desktop" value="windows"/>
    <property name="awt.toolkit" value="sun.awt.windows.WToolkit"/>
    <property name="file.encoding.pkg" value="sun.io"/>
    <property name="java.specification.version" value="1.8"/>
    <property name="sun.cpu.isalist" value="amd64"/>
    <property name="sun.jnu.encoding" value="Cp1252"/>
    <property name="java.class.path" value="C:\git\soap-curse-springboot\soap-curse-springboot\target\test-classes;C:\git\soap-curse-springboot\soap-curse-springboot\target\classes;C:\Users\Indra\.m2\repository\org\springframework\boot\spring-boot-starter-data-jpa\2.2.0.BUILD-SNAPSHOT\spring-boot-starter-data-jpa-2.2.0.BUILD-SNAPSHOT.jar;C:\Users\Indra\.m2\repository\org\springframework\boot\spring-boot-starter-aop\2.2.0.BUILD-SNAPSHOT\spring-boot-starter-aop-2.2.0.BUILD-SNAPSHOT.jar;C:\Users\Indra\.m2\repository\org\springframework\spring-aop\5.2.0.RELEASE\spring-aop-5.2.0.RELEASE.jar;C:\Users\Indra\.m2\repository\org\aspectj\aspectjweaver\1.9.4\aspectjweaver-1.9.4.jar;C:\Users\Indra\.m2\repository\org\springframework\boot\spring-boot-starter-jdbc\2.2.0.BUILD-SNAPSHOT\spring-boot-starter-jdbc-2.2.0.BUILD-SNAPSHOT.jar;C:\Users\Indra\.m2\repository\com\zaxxer\HikariCP\3.4.1\HikariCP-3.4.1.jar;C:\Users\Indra\.m2\repository\org\springframework\spring-jdbc\5.2.0.RELEASE\spring-jdbc-5.2.0.RELEASE.jar;C:\Users\Indra\.m2\repository\jakarta\activation\jakarta.activation-api\1.2.1\jakarta.activation-api-1.2.1.jar;C:\Users\Indra\.m2\repository\jakarta\persistence\jakarta.persistence-api\2.2.3\jakarta.persistence-api-2.2.3.jar;C:\Users\Indra\.m2\repository\jakarta\transaction\jakarta.transaction-api\1.3.3\jakarta.transaction-api-1.3.3.jar;C:\Users\Indra\.m2\repository\org\hibernate\hibernate-core\5.4.6.Final\hibernate-core-5.4.6.Final.jar;C:\Users\Indra\.m2\repository\org\jboss\logging\jboss-logging\3.4.1.Final\jboss-logging-3.4.1.Final.jar;C:\Users\Indra\.m2\repository\org\javassist\javassist\3.24.0-GA\javassist-3.24.0-GA.jar;C:\Users\Indra\.m2\repository\net\bytebuddy\byte-buddy\1.10.1\byte-buddy-1.10.1.jar;C:\Users\Indra\.m2\repository\antlr\antlr\2.7.7\antlr-2.7.7.jar;C:\Users\Indra\.m2\repository\org\jboss\jandex\2.0.5.Final\jandex-2.0.5.Final.jar;C:\Users\Indra\.m2\repository\com\fasterxml\classmate\1.5.0\classmate-1.5.0.jar;C:\Users\Indra\.m2\repository\org\dom4j\dom4j\2.1.1\dom4j-2.1.1.jar;C:\Users\Indra\.m2\repository\org\hibernate\common\hibernate-commons-annotations\5.1.0.Final\hibernate-commons-annotations-5.1.0.Final.jar;C:\Users\Indra\.m2\repository\org\glassfish\jaxb\jaxb-runtime\2.3.2\jaxb-runtime-2.3.2.jar;C:\Users\Indra\.m2\repository\org\glassfish\jaxb\txw2\2.3.2\txw2-2.3.2.jar;C:\Users\Indra\.m2\repository\com\sun\istack\istack-commons-runtime\3.0.8\istack-commons-runtime-3.0.8.jar;C:\Users\Indra\.m2\repository\com\sun\xml\fastinfoset\FastInfoset\1.2.16\FastInfoset-1.2.16.jar;C:\Users\Indra\.m2\repository\org\springframework\data\spring-data-jpa\2.2.0.RELEASE\spring-data-jpa-2.2.0.RELEASE.jar;C:\Users\Indra\.m2\repository\org\springframework\data\spring-data-commons\2.2.0.RELEASE\spring-data-commons-2.2.0.RELEASE.jar;C:\Users\Indra\.m2\repository\org\springframework\spring-orm\5.2.0.RELEASE\spring-orm-5.2.0.RELEASE.jar;C:\Users\Indra\.m2\repository\org\springframework\spring-context\5.2.0.RELEASE\spring-context-5.2.0.RELEASE.jar;C:\Users\Indra\.m2\repository\org\springframework\spring-expression\5.2.0.RELEASE\spring-expression-5.2.0.RELEASE.jar;C:\Users\Indra\.m2\repository\org\springframework\spring-aspects\5.2.0.RELEASE\spring-aspects-5.2.0.RELEASE.jar;C:\Users\Indra\.m2\repository\org\springframework\boot\spring-boot-starter-web-services\2.2.0.BUILD-SNAPSHOT\spring-boot-starter-web-services-2.2.0.BUILD-SNAPSHOT.jar;C:\Users\Indra\.m2\repository\org\springframework\boot\spring-boot-starter-web\2.2.0.BUILD-SNAPSHOT\spring-boot-starter-web-2.2.0.BUILD-SNAPSHOT.jar;C:\Users\Indra\.m2\repository\org\springframework\boot\spring-boot-starter-json\2.2.0.BUILD-SNAPSHOT\spring-boot-starter-json-2.2.0.BUILD-SNAPSHOT.jar;C:\Users\Indra\.m2\repository\com\fasterxml\jackson\core\jackson-databind\2.10.0\jackson-databind-2.10.0.jar;C:\Users\Indra\.m2\repository\com\fasterxml\jackson\core\jackson-annotations\2.10.0\jackson-annotations-2.10.0.jar;C:\Users\Indra\.m2\repository\com\fasterxml\jackson\core\jackson-core\2.10.0\jackson-core-2.10.0.jar;C:\Users\Indra\.m2\repository\com\fasterxml\jackson\datatype\jackson-datatype-jdk8\2.10.0\jackson-datatype-jdk8-2.10.0.jar;C:\Users\Indra\.m2\repository\com\fasterxml\jackson\datatype\jackson-datatype-jsr310\2.10.0\jackson-datatype-jsr310-2.10.0.jar;C:\Users\Indra\.m2\repository\com\fasterxml\jackson\module\jackson-module-parameter-names\2.10.0\jackson-module-parameter-names-2.10.0.jar;C:\Users\Indra\.m2\repository\org\springframework\boot\spring-boot-starter-tomcat\2.2.0.BUILD-SNAPSHOT\spring-boot-starter-tomcat-2.2.0.BUILD-SNAPSHOT.jar;C:\Users\Indra\.m2\repository\org\apache\tomcat\embed\tomcat-embed-core\9.0.26\tomcat-embed-core-9.0.26.jar;C:\Users\Indra\.m2\repository\org\apache\tomcat\embed\tomcat-embed-el\9.0.26\tomcat-embed-el-9.0.26.jar;C:\Users\Indra\.m2\repository\org\apache\tomcat\embed\tomcat-embed-websocket\9.0.26\tomcat-embed-websocket-9.0.26.jar;C:\Users\Indra\.m2\repository\org\springframework\boot\spring-boot-starter-validation\2.2.0.BUILD-SNAPSHOT\spring-boot-starter-validation-2.2.0.BUILD-SNAPSHOT.jar;C:\Users\Indra\.m2\repository\jakarta\validation\jakarta.validation-api\2.0.1\jakarta.validation-api-2.0.1.jar;C:\Users\Indra\.m2\repository\org\hibernate\validator\hibernate-validator\6.0.17.Final\hibernate-validator-6.0.17.Final.jar;C:\Users\Indra\.m2\repository\org\springframework\spring-web\5.2.0.RELEASE\spring-web-5.2.0.RELEASE.jar;C:\Users\Indra\.m2\repository\org\springframework\spring-webmvc\5.2.0.RELEASE\spring-webmvc-5.2.0.RELEASE.jar;C:\Users\Indra\.m2\repository\com\sun\xml\messaging\saaj\saaj-impl\1.5.1\saaj-impl-1.5.1.jar;C:\Users\Indra\.m2\repository\jakarta\xml\soap\jakarta.xml.soap-api\1.4.1\jakarta.xml.soap-api-1.4.1.jar;C:\Users\Indra\.m2\repository\org\jvnet\mimepull\mimepull\1.9.11\mimepull-1.9.11.jar;C:\Users\Indra\.m2\repository\org\jvnet\staxex\stax-ex\1.8.1\stax-ex-1.8.1.jar;C:\Users\Indra\.m2\repository\jakarta\xml\ws\jakarta.xml.ws-api\2.3.2\jakarta.xml.ws-api-2.3.2.jar;C:\Users\Indra\.m2\repository\jakarta\annotation\jakarta.annotation-api\1.3.5\jakarta.annotation-api-1.3.5.jar;C:\Users\Indra\.m2\repository\jakarta\jws\jakarta.jws-api\1.1.1\jakarta.jws-api-1.1.1.jar;C:\Users\Indra\.m2\repository\org\springframework\spring-oxm\5.2.0.RELEASE\spring-oxm-5.2.0.RELEASE.jar;C:\Users\Indra\.m2\repository\org\springframework\ws\spring-ws-core\3.0.7.RELEASE\spring-ws-core-3.0.7.RELEASE.jar;C:\Users\Indra\.m2\repository\org\springframework\boot\spring-boot-devtools\2.2.0.BUILD-SNAPSHOT\spring-boot-devtools-2.2.0.BUILD-SNAPSHOT.jar;C:\Users\Indra\.m2\repository\org\springframework\boot\spring-boot\2.2.0.BUILD-SNAPSHOT\spring-boot-2.2.0.BUILD-SNAPSHOT.jar;C:\Users\Indra\.m2\repository\org\springframework\boot\spring-boot-autoconfigure\2.2.0.BUILD-SNAPSHOT\spring-boot-autoconfigure-2.2.0.BUILD-SNAPSHOT.jar;C:\Users\Indra\.m2\repository\wsdl4j\wsdl4j\1.6.3\wsdl4j-1.6.3.jar;C:\Users\Indra\.m2\repository\org\springframework\ws\spring-ws-security\3.0.7.RELEASE\spring-ws-security-3.0.7.RELEASE.jar;C:\Users\Indra\.m2\repository\org\springframework\ws\spring-xml\3.0.7.RELEASE\spring-xml-3.0.7.RELEASE.jar;C:\Users\Indra\.m2\repository\org\springframework\spring-beans\5.2.0.RELEASE\spring-beans-5.2.0.RELEASE.jar;C:\Users\Indra\.m2\repository\org\springframework\spring-tx\5.2.0.RELEASE\spring-tx-5.2.0.RELEASE.jar;C:\Users\Indra\.m2\repository\net\sf\ehcache\ehcache\2.10.6\ehcache-2.10.6.jar;C:\Users\Indra\.m2\repository\org\apache\wss4j\wss4j-ws-security-dom\2.2.0\wss4j-ws-security-dom-2.2.0.jar;C:\Users\Indra\.m2\repository\org\apache\wss4j\wss4j-ws-security-common\2.2.0\wss4j-ws-security-common-2.2.0.jar;C:\Users\Indra\.m2\repository\org\opensaml\opensaml-saml-impl\3.3.0\opensaml-saml-impl-3.3.0.jar;C:\Users\Indra\.m2\repository\org\opensaml\opensaml-profile-api\3.3.0\opensaml-profile-api-3.3.0.jar;C:\Users\Indra\.m2\repository\org\opensaml\opensaml-core\3.3.0\opensaml-core-3.3.0.jar;C:\Users\Indra\.m2\repository\io\dropwizard\metrics\metrics-core\4.1.0\metrics-core-4.1.0.jar;C:\Users\Indra\.m2\repository\org\opensaml\opensaml-saml-api\3.3.0\opensaml-saml-api-3.3.0.jar;C:\Users\Indra\.m2\repository\org\opensaml\opensaml-xmlsec-api\3.3.0\opensaml-xmlsec-api-3.3.0.jar;C:\Users\Indra\.m2\repository\org\opensaml\opensaml-soap-api\3.3.0\opensaml-soap-api-3.3.0.jar;C:\Users\Indra\.m2\repository\org\opensaml\opensaml-security-impl\3.3.0\opensaml-security-impl-3.3.0.jar;C:\Users\Indra\.m2\repository\org\opensaml\opensaml-security-api\3.3.0\opensaml-security-api-3.3.0.jar;C:\Users\Indra\.m2\repository\org\cryptacular\cryptacular\1.1.1\cryptacular-1.1.1.jar;C:\Users\Indra\.m2\repository\org\bouncycastle\bcprov-jdk15on\1.54\bcprov-jdk15on-1.54.jar;C:\Users\Indra\.m2\repository\org\opensaml\opensaml-xmlsec-impl\3.3.0\opensaml-xmlsec-impl-3.3.0.jar;C:\Users\Indra\.m2\repository\net\shibboleth\utilities\java-support\7.3.0\java-support-7.3.0.jar;C:\Users\Indra\.m2\repository\com\google\guava\guava\19.0\guava-19.0.jar;C:\Users\Indra\.m2\repository\joda-time\joda-time\2.10.4\joda-time-2.10.4.jar;C:\Users\Indra\.m2\repository\org\opensaml\opensaml-xacml-impl\3.3.0\opensaml-xacml-impl-3.3.0.jar;C:\Users\Indra\.m2\repository\org\opensaml\opensaml-xacml-api\3.3.0\opensaml-xacml-api-3.3.0.jar;C:\Users\Indra\.m2\repository\org\opensaml\opensaml-xacml-saml-impl\3.3.0\opensaml-xacml-saml-impl-3.3.0.jar;C:\Users\Indra\.m2\repository\org\opensaml\opensaml-xacml-saml-api\3.3.0\opensaml-xacml-saml-api-3.3.0.jar;C:\Users\Indra\.m2\repository\org\jasypt\jasypt\1.9.2\jasypt-1.9.2.jar;C:\Users\Indra\.m2\repository\org\apache\geronimo\javamail\geronimo-javamail_1.4_mail\1.8.4\geronimo-javamail_1.4_mail-1.8.4.jar;C:\Users\Indra\.m2\repository\org\slf4j\slf4j-api\1.7.28\slf4j-api-1.7.28.jar;C:\Users\Indra\.m2\repository\org\apache\santuario\xmlsec\2.1.0\xmlsec-2.1.0.jar;C:\Users\Indra\.m2\repository\commons-codec\commons-codec\1.13\commons-codec-1.13.jar;C:\Users\Indra\.m2\repository\commons-io\commons-io\2.5\commons-io-2.5.jar;C:\Users\Indra\.m2\repository\org\springframework\spring-core\5.2.0.RELEASE\spring-core-5.2.0.RELEASE.jar;C:\Users\Indra\.m2\repository\org\springframework\spring-jcl\5.2.0.RELEASE\spring-jcl-5.2.0.RELEASE.jar;C:\Users\Indra\.m2\repository\com\sun\xml\wss\xws-security\3.0\xws-security-3.0.jar;C:\Users\Indra\.m2\repository\javax\xml\soap\saaj-api\1.3\saaj-api-1.3.jar;C:\Users\Indra\.m2\repository\javax\mail\mail\1.4\mail-1.4.jar;C:\Users\Indra\.m2\repository\javax\xml\bind\jaxb-api\2.3.1\jaxb-api-2.3.1.jar;C:\Users\Indra\.m2\repository\javax\activation\javax.activation-api\1.2.0\javax.activation-api-1.2.0.jar;C:\Users\Indra\.m2\repository\javax\xml\stream\stax-api\1.0\stax-api-1.0.jar;C:\Users\Indra\.m2\repository\javax\xml\ws\jaxws-api\2.3.1\jaxws-api-2.3.1.jar;C:\Users\Indra\.m2\repository\javax\xml\soap\javax.xml.soap-api\1.4.0\javax.xml.soap-api-1.4.0.jar;C:\Users\Indra\.m2\repository\javax\annotation\javax.annotation-api\1.3.2\javax.annotation-api-1.3.2.jar;C:\Users\Indra\.m2\repository\javax\activation\activation\1.1.1\activation-1.1.1.jar;C:\Users\Indra\.m2\repository\com\h2database\h2\1.4.199\h2-1.4.199.jar;C:\Users\Indra\.m2\repository\org\springframework\boot\spring-boot-starter-test\2.2.0.BUILD-SNAPSHOT\spring-boot-starter-test-2.2.0.BUILD-SNAPSHOT.jar;C:\Users\Indra\.m2\repository\org\springframework\boot\spring-boot-starter\2.2.0.BUILD-SNAPSHOT\spring-boot-starter-2.2.0.BUILD-SNAPSHOT.jar;C:\Users\Indra\.m2\repository\org\springframework\boot\spring-boot-starter-logging\2.2.0.BUILD-SNAPSHOT\spring-boot-starter-logging-2.2.0.BUILD-SNAPSHOT.jar;C:\Users\Indra\.m2\repository\ch\qos\logback\logback-classic\1.2.3\logback-classic-1.2.3.jar;C:\Users\Indra\.m2\repository\ch\qos\logback\logback-core\1.2.3\logback-core-1.2.3.jar;C:\Users\Indra\.m2\repository\org\apache\logging\log4j\log4j-to-slf4j\2.12.1\log4j-to-slf4j-2.12.1.jar;C:\Users\Indra\.m2\repository\org\apache\logging\log4j\log4j-api\2.12.1\log4j-api-2.12.1.jar;C:\Users\Indra\.m2\repository\org\slf4j\jul-to-slf4j\1.7.28\jul-to-slf4j-1.7.28.jar;C:\Users\Indra\.m2\repository\org\yaml\snakeyaml\1.25\snakeyaml-1.25.jar;C:\Users\Indra\.m2\repository\org\springframework\boot\spring-boot-test\2.2.0.BUILD-SNAPSHOT\spring-boot-test-2.2.0.BUILD-SNAPSHOT.jar;C:\Users\Indra\.m2\repository\org\springframework\boot\spring-boot-test-autoconfigure\2.2.0.BUILD-SNAPSHOT\spring-boot-test-autoconfigure-2.2.0.BUILD-SNAPSHOT.jar;C:\Users\Indra\.m2\repository\com\jayway\jsonpath\json-path\2.4.0\json-path-2.4.0.jar;C:\Users\Indra\.m2\repository\net\minidev\json-smart\2.3\json-smart-2.3.jar;C:\Users\Indra\.m2\repository\net\minidev\accessors-smart\1.2\accessors-smart-1.2.jar;C:\Users\Indra\.m2\repository\org\ow2\asm\asm\5.0.4\asm-5.0.4.jar;C:\Users\Indra\.m2\repository\jakarta\xml\bind\jakarta.xml.bind-api\2.3.2\jakarta.xml.bind-api-2.3.2.jar;C:\Users\Indra\.m2\repository\org\junit\jupiter\junit-jupiter\5.5.2\junit-jupiter-5.5.2.jar;C:\Users\Indra\.m2\repository\org\junit\jupiter\junit-jupiter-api\5.5.2\junit-jupiter-api-5.5.2.jar;C:\Users\Indra\.m2\repository\org\apiguardian\apiguardian-api\1.1.0\apiguardian-api-1.1.0.jar;C:\Users\Indra\.m2\repository\org\opentest4j\opentest4j\1.2.0\opentest4j-1.2.0.jar;C:\Users\Indra\.m2\repository\org\junit\platform\junit-platform-commons\1.5.2\junit-platform-commons-1.5.2.jar;C:\Users\Indra\.m2\repository\org\junit\jupiter\junit-jupiter-params\5.5.2\junit-jupiter-params-5.5.2.jar;C:\Users\Indra\.m2\repository\org\junit\jupiter\junit-jupiter-engine\5.5.2\junit-jupiter-engine-5.5.2.jar;C:\Users\Indra\.m2\repository\org\junit\platform\junit-platform-engine\1.5.2\junit-platform-engine-1.5.2.jar;C:\Users\Indra\.m2\repository\org\mockito\mockito-junit-jupiter\3.1.0\mockito-junit-jupiter-3.1.0.jar;C:\Users\Indra\.m2\repository\org\assertj\assertj-core\3.13.2\assertj-core-3.13.2.jar;C:\Users\Indra\.m2\repository\org\hamcrest\hamcrest\2.1\hamcrest-2.1.jar;C:\Users\Indra\.m2\repository\org\mockito\mockito-core\3.1.0\mockito-core-3.1.0.jar;C:\Users\Indra\.m2\repository\net\bytebuddy\byte-buddy-agent\1.10.1\byte-buddy-agent-1.10.1.jar;C:\Users\Indra\.m2\repository\org\objenesis\objenesis\2.6\objenesis-2.6.jar;C:\Users\Indra\.m2\repository\org\skyscreamer\jsonassert\1.5.0\jsonassert-1.5.0.jar;C:\Users\Indra\.m2\repository\com\vaadin\external\google\android-json\0.0.20131108.vaadin1\android-json-0.0.20131108.vaadin1.jar;C:\Users\Indra\.m2\repository\org\springframework\spring-test\5.2.0.RELEASE\spring-test-5.2.0.RELEASE.jar;C:\Users\Indra\.m2\repository\org\xmlunit\xmlunit-core\2.6.3\xmlunit-core-2.6.3.jar;"/>
    <property name="java.vm.vendor" value="Oracle Corporation"/>
    <property name="sun.arch.data.model" value="64"/>
    <property name="user.variant" value=""/>
    <property name="java.vendor.url" value="http://java.oracle.com/"/>
    <property name="user.timezone" value="America/Mexico_City"/>
    <property name="java.vm.specification.version" value="1.8"/>
    <property name="os.name" value="Windows 10"/>
    <property name="user.country" value="MX"/>
    <property name="sun.java.launcher" value="SUN_STANDARD"/>
    <property name="sun.boot.library.path" value="C:\Program Files\Java\jdk1.8.0_181\jre\bin"/>
    <property name="sun.java.command" value="C:\Users\Indra\AppData\Local\Temp\surefire8807433084648178378\surefirebooter9016100033317101334.jar C:\Users\Indra\AppData\Local\Temp\surefire8807433084648178378 2019-10-11T11-41-46_145-jvmRun1 surefire4556120441133221035tmp surefire_04860331967204509847tmp"/>
    <property name="surefire.test.class.path" value="C:\git\soap-curse-springboot\soap-curse-springboot\target\test-classes;C:\git\soap-curse-springboot\soap-curse-springboot\target\classes;C:\Users\Indra\.m2\repository\org\springframework\boot\spring-boot-starter-data-jpa\2.2.0.BUILD-SNAPSHOT\spring-boot-starter-data-jpa-2.2.0.BUILD-SNAPSHOT.jar;C:\Users\Indra\.m2\repository\org\springframework\boot\spring-boot-starter-aop\2.2.0.BUILD-SNAPSHOT\spring-boot-starter-aop-2.2.0.BUILD-SNAPSHOT.jar;C:\Users\Indra\.m2\repository\org\springframework\spring-aop\5.2.0.RELEASE\spring-aop-5.2.0.RELEASE.jar;C:\Users\Indra\.m2\repository\org\aspectj\aspectjweaver\1.9.4\aspectjweaver-1.9.4.jar;C:\Users\Indra\.m2\repository\org\springframework\boot\spring-boot-starter-jdbc\2.2.0.BUILD-SNAPSHOT\spring-boot-starter-jdbc-2.2.0.BUILD-SNAPSHOT.jar;C:\Users\Indra\.m2\repository\com\zaxxer\HikariCP\3.4.1\HikariCP-3.4.1.jar;C:\Users\Indra\.m2\repository\org\springframework\spring-jdbc\5.2.0.RELEASE\spring-jdbc-5.2.0.RELEASE.jar;C:\Users\Indra\.m2\repository\jakarta\activation\jakarta.activation-api\1.2.1\jakarta.activation-api-1.2.1.jar;C:\Users\Indra\.m2\repository\jakarta\persistence\jakarta.persistence-api\2.2.3\jakarta.persistence-api-2.2.3.jar;C:\Users\Indra\.m2\repository\jakarta\transaction\jakarta.transaction-api\1.3.3\jakarta.transaction-api-1.3.3.jar;C:\Users\Indra\.m2\repository\org\hibernate\hibernate-core\5.4.6.Final\hibernate-core-5.4.6.Final.jar;C:\Users\Indra\.m2\repository\org\jboss\logging\jboss-logging\3.4.1.Final\jboss-logging-3.4.1.Final.jar;C:\Users\Indra\.m2\repository\org\javassist\javassist\3.24.0-GA\javassist-3.24.0-GA.jar;C:\Users\Indra\.m2\repository\net\bytebuddy\byte-buddy\1.10.1\byte-buddy-1.10.1.jar;C:\Users\Indra\.m2\repository\antlr\antlr\2.7.7\antlr-2.7.7.jar;C:\Users\Indra\.m2\repository\org\jboss\jandex\2.0.5.Final\jandex-2.0.5.Final.jar;C:\Users\Indra\.m2\repository\com\fasterxml\classmate\1.5.0\classmate-1.5.0.jar;C:\Users\Indra\.m2\repository\org\dom4j\dom4j\2.1.1\dom4j-2.1.1.jar;C:\Users\Indra\.m2\repository\org\hibernate\common\hibernate-commons-annotations\5.1.0.Final\hibernate-commons-annotations-5.1.0.Final.jar;C:\Users\Indra\.m2\repository\org\glassfish\jaxb\jaxb-runtime\2.3.2\jaxb-runtime-2.3.2.jar;C:\Users\Indra\.m2\repository\org\glassfish\jaxb\txw2\2.3.2\txw2-2.3.2.jar;C:\Users\Indra\.m2\repository\com\sun\istack\istack-commons-runtime\3.0.8\istack-commons-runtime-3.0.8.jar;C:\Users\Indra\.m2\repository\com\sun\xml\fastinfoset\FastInfoset\1.2.16\FastInfoset-1.2.16.jar;C:\Users\Indra\.m2\repository\org\springframework\data\spring-data-jpa\2.2.0.RELEASE\spring-data-jpa-2.2.0.RELEASE.jar;C:\Users\Indra\.m2\repository\org\springframework\data\spring-data-commons\2.2.0.RELEASE\spring-data-commons-2.2.0.RELEASE.jar;C:\Users\Indra\.m2\repository\org\springframework\spring-orm\5.2.0.RELEASE\spring-orm-5.2.0.RELEASE.jar;C:\Users\Indra\.m2\repository\org\springframework\spring-context\5.2.0.RELEASE\spring-context-5.2.0.RELEASE.jar;C:\Users\Indra\.m2\repository\org\springframework\spring-expression\5.2.0.RELEASE\spring-expression-5.2.0.RELEASE.jar;C:\Users\Indra\.m2\repository\org\springframework\spring-aspects\5.2.0.RELEASE\spring-aspects-5.2.0.RELEASE.jar;C:\Users\Indra\.m2\repository\org\springframework\boot\spring-boot-starter-web-services\2.2.0.BUILD-SNAPSHOT\spring-boot-starter-web-services-2.2.0.BUILD-SNAPSHOT.jar;C:\Users\Indra\.m2\repository\org\springframework\boot\spring-boot-starter-web\2.2.0.BUILD-SNAPSHOT\spring-boot-starter-web-2.2.0.BUILD-SNAPSHOT.jar;C:\Users\Indra\.m2\repository\org\springframework\boot\spring-boot-starter-json\2.2.0.BUILD-SNAPSHOT\spring-boot-starter-json-2.2.0.BUILD-SNAPSHOT.jar;C:\Users\Indra\.m2\repository\com\fasterxml\jackson\core\jackson-databind\2.10.0\jackson-databind-2.10.0.jar;C:\Users\Indra\.m2\repository\com\fasterxml\jackson\core\jackson-annotations\2.10.0\jackson-annotations-2.10.0.jar;C:\Users\Indra\.m2\repository\com\fasterxml\jackson\core\jackson-core\2.10.0\jackson-core-2.10.0.jar;C:\Users\Indra\.m2\repository\com\fasterxml\jackson\datatype\jackson-datatype-jdk8\2.10.0\jackson-datatype-jdk8-2.10.0.jar;C:\Users\Indra\.m2\repository\com\fasterxml\jackson\datatype\jackson-datatype-jsr310\2.10.0\jackson-datatype-jsr310-2.10.0.jar;C:\Users\Indra\.m2\repository\com\fasterxml\jackson\module\jackson-module-parameter-names\2.10.0\jackson-module-parameter-names-2.10.0.jar;C:\Users\Indra\.m2\repository\org\springframework\boot\spring-boot-starter-tomcat\2.2.0.BUILD-SNAPSHOT\spring-boot-starter-tomcat-2.2.0.BUILD-SNAPSHOT.jar;C:\Users\Indra\.m2\repository\org\apache\tomcat\embed\tomcat-embed-core\9.0.26\tomcat-embed-core-9.0.26.jar;C:\Users\Indra\.m2\repository\org\apache\tomcat\embed\tomcat-embed-el\9.0.26\tomcat-embed-el-9.0.26.jar;C:\Users\Indra\.m2\repository\org\apache\tomcat\embed\tomcat-embed-websocket\9.0.26\tomcat-embed-websocket-9.0.26.jar;C:\Users\Indra\.m2\repository\org\springframework\boot\spring-boot-starter-validation\2.2.0.BUILD-SNAPSHOT\spring-boot-starter-validation-2.2.0.BUILD-SNAPSHOT.jar;C:\Users\Indra\.m2\repository\jakarta\validation\jakarta.validation-api\2.0.1\jakarta.validation-api-2.0.1.jar;C:\Users\Indra\.m2\repository\org\hibernate\validator\hibernate-validator\6.0.17.Final\hibernate-validator-6.0.17.Final.jar;C:\Users\Indra\.m2\repository\org\springframework\spring-web\5.2.0.RELEASE\spring-web-5.2.0.RELEASE.jar;C:\Users\Indra\.m2\repository\org\springframework\spring-webmvc\5.2.0.RELEASE\spring-webmvc-5.2.0.RELEASE.jar;C:\Users\Indra\.m2\repository\com\sun\xml\messaging\saaj\saaj-impl\1.5.1\saaj-impl-1.5.1.jar;C:\Users\Indra\.m2\repository\jakarta\xml\soap\jakarta.xml.soap-api\1.4.1\jakarta.xml.soap-api-1.4.1.jar;C:\Users\Indra\.m2\repository\org\jvnet\mimepull\mimepull\1.9.11\mimepull-1.9.11.jar;C:\Users\Indra\.m2\repository\org\jvnet\staxex\stax-ex\1.8.1\stax-ex-1.8.1.jar;C:\Users\Indra\.m2\repository\jakarta\xml\ws\jakarta.xml.ws-api\2.3.2\jakarta.xml.ws-api-2.3.2.jar;C:\Users\Indra\.m2\repository\jakarta\annotation\jakarta.annotation-api\1.3.5\jakarta.annotation-api-1.3.5.jar;C:\Users\Indra\.m2\repository\jakarta\jws\jakarta.jws-api\1.1.1\jakarta.jws-api-1.1.1.jar;C:\Users\Indra\.m2\repository\org\springframework\spring-oxm\5.2.0.RELEASE\spring-oxm-5.2.0.RELEASE.jar;C:\Users\Indra\.m2\repository\org\springframework\ws\spring-ws-core\3.0.7.RELEASE\spring-ws-core-3.0.7.RELEASE.jar;C:\Users\Indra\.m2\repository\org\springframework\boot\spring-boot-devtools\2.2.0.BUILD-SNAPSHOT\spring-boot-devtools-2.2.0.BUILD-SNAPSHOT.jar;C:\Users\Indra\.m2\repository\org\springframework\boot\spring-boot\2.2.0.BUILD-SNAPSHOT\spring-boot-2.2.0.BUILD-SNAPSHOT.jar;C:\Users\Indra\.m2\repository\org\springframework\boot\spring-boot-autoconfigure\2.2.0.BUILD-SNAPSHOT\spring-boot-autoconfigure-2.2.0.BUILD-SNAPSHOT.jar;C:\Users\Indra\.m2\repository\wsdl4j\wsdl4j\1.6.3\wsdl4j-1.6.3.jar;C:\Users\Indra\.m2\repository\org\springframework\ws\spring-ws-security\3.0.7.RELEASE\spring-ws-security-3.0.7.RELEASE.jar;C:\Users\Indra\.m2\repository\org\springframework\ws\spring-xml\3.0.7.RELEASE\spring-xml-3.0.7.RELEASE.jar;C:\Users\Indra\.m2\repository\org\springframework\spring-beans\5.2.0.RELEASE\spring-beans-5.2.0.RELEASE.jar;C:\Users\Indra\.m2\repository\org\springframework\spring-tx\5.2.0.RELEASE\spring-tx-5.2.0.RELEASE.jar;C:\Users\Indra\.m2\repository\net\sf\ehcache\ehcache\2.10.6\ehcache-2.10.6.jar;C:\Users\Indra\.m2\repository\org\apache\wss4j\wss4j-ws-security-dom\2.2.0\wss4j-ws-security-dom-2.2.0.jar;C:\Users\Indra\.m2\repository\org\apache\wss4j\wss4j-ws-security-common\2.2.0\wss4j-ws-security-common-2.2.0.jar;C:\Users\Indra\.m2\repository\org\opensaml\opensaml-saml-impl\3.3.0\opensaml-saml-impl-3.3.0.jar;C:\Users\Indra\.m2\repository\org\opensaml\opensaml-profile-api\3.3.0\opensaml-profile-api-3.3.0.jar;C:\Users\Indra\.m2\repository\org\opensaml\opensaml-core\3.3.0\opensaml-core-3.3.0.jar;C:\Users\Indra\.m2\repository\io\dropwizard\metrics\metrics-core\4.1.0\metrics-core-4.1.0.jar;C:\Users\Indra\.m2\repository\org\opensaml\opensaml-saml-api\3.3.0\opensaml-saml-api-3.3.0.jar;C:\Users\Indra\.m2\repository\org\opensaml\opensaml-xmlsec-api\3.3.0\opensaml-xmlsec-api-3.3.0.jar;C:\Users\Indra\.m2\repository\org\opensaml\opensaml-soap-api\3.3.0\opensaml-soap-api-3.3.0.jar;C:\Users\Indra\.m2\repository\org\opensaml\opensaml-security-impl\3.3.0\opensaml-security-impl-3.3.0.jar;C:\Users\Indra\.m2\repository\org\opensaml\opensaml-security-api\3.3.0\opensaml-security-api-3.3.0.jar;C:\Users\Indra\.m2\repository\org\cryptacular\cryptacular\1.1.1\cryptacular-1.1.1.jar;C:\Users\Indra\.m2\repository\org\bouncycastle\bcprov-jdk15on\1.54\bcprov-jdk15on-1.54.jar;C:\Users\Indra\.m2\repository\org\opensaml\opensaml-xmlsec-impl\3.3.0\opensaml-xmlsec-impl-3.3.0.jar;C:\Users\Indra\.m2\repository\net\shibboleth\utilities\java-support\7.3.0\java-support-7.3.0.jar;C:\Users\Indra\.m2\repository\com\google\guava\guava\19.0\guava-19.0.jar;C:\Users\Indra\.m2\repository\joda-time\joda-time\2.10.4\joda-time-2.10.4.jar;C:\Users\Indra\.m2\repository\org\opensaml\opensaml-xacml-impl\3.3.0\opensaml-xacml-impl-3.3.0.jar;C:\Users\Indra\.m2\repository\org\opensaml\opensaml-xacml-api\3.3.0\opensaml-xacml-api-3.3.0.jar;C:\Users\Indra\.m2\repository\org\opensaml\opensaml-xacml-saml-impl\3.3.0\opensaml-xacml-saml-impl-3.3.0.jar;C:\Users\Indra\.m2\repository\org\opensaml\opensaml-xacml-saml-api\3.3.0\opensaml-xacml-saml-api-3.3.0.jar;C:\Users\Indra\.m2\repository\org\jasypt\jasypt\1.9.2\jasypt-1.9.2.jar;C:\Users\Indra\.m2\repository\org\apache\geronimo\javamail\geronimo-javamail_1.4_mail\1.8.4\geronimo-javamail_1.4_mail-1.8.4.jar;C:\Users\Indra\.m2\repository\org\slf4j\slf4j-api\1.7.28\slf4j-api-1.7.28.jar;C:\Users\Indra\.m2\repository\org\apache\santuario\xmlsec\2.1.0\xmlsec-2.1.0.jar;C:\Users\Indra\.m2\repository\commons-codec\commons-codec\1.13\commons-codec-1.13.jar;C:\Users\Indra\.m2\repository\commons-io\commons-io\2.5\commons-io-2.5.jar;C:\Users\Indra\.m2\repository\org\springframework\spring-core\5.2.0.RELEASE\spring-core-5.2.0.RELEASE.jar;C:\Users\Indra\.m2\repository\org\springframework\spring-jcl\5.2.0.RELEASE\spring-jcl-5.2.0.RELEASE.jar;C:\Users\Indra\.m2\repository\com\sun\xml\wss\xws-security\3.0\xws-security-3.0.jar;C:\Users\Indra\.m2\repository\javax\xml\soap\saaj-api\1.3\saaj-api-1.3.jar;C:\Users\Indra\.m2\repository\javax\mail\mail\1.4\mail-1.4.jar;C:\Users\Indra\.m2\repository\javax\xml\bind\jaxb-api\2.3.1\jaxb-api-2.3.1.jar;C:\Users\Indra\.m2\repository\javax\activation\javax.activation-api\1.2.0\javax.activation-api-1.2.0.jar;C:\Users\Indra\.m2\repository\javax\xml\stream\stax-api\1.0\stax-api-1.0.jar;C:\Users\Indra\.m2\repository\javax\xml\ws\jaxws-api\2.3.1\jaxws-api-2.3.1.jar;C:\Users\Indra\.m2\repository\javax\xml\soap\javax.xml.soap-api\1.4.0\javax.xml.soap-api-1.4.0.jar;C:\Users\Indra\.m2\repository\javax\annotation\javax.annotation-api\1.3.2\javax.annotation-api-1.3.2.jar;C:\Users\Indra\.m2\repository\javax\activation\activation\1.1.1\activation-1.1.1.jar;C:\Users\Indra\.m2\repository\com\h2database\h2\1.4.199\h2-1.4.199.jar;C:\Users\Indra\.m2\repository\org\springframework\boot\spring-boot-starter-test\2.2.0.BUILD-SNAPSHOT\spring-boot-starter-test-2.2.0.BUILD-SNAPSHOT.jar;C:\Users\Indra\.m2\repository\org\springframework\boot\spring-boot-starter\2.2.0.BUILD-SNAPSHOT\spring-boot-starter-2.2.0.BUILD-SNAPSHOT.jar;C:\Users\Indra\.m2\repository\org\springframework\boot\spring-boot-starter-logging\2.2.0.BUILD-SNAPSHOT\spring-boot-starter-logging-2.2.0.BUILD-SNAPSHOT.jar;C:\Users\Indra\.m2\repository\ch\qos\logback\logback-classic\1.2.3\logback-classic-1.2.3.jar;C:\Users\Indra\.m2\repository\ch\qos\logback\logback-core\1.2.3\logback-core-1.2.3.jar;C:\Users\Indra\.m2\repository\org\apache\logging\log4j\log4j-to-slf4j\2.12.1\log4j-to-slf4j-2.12.1.jar;C:\Users\Indra\.m2\repository\org\apache\logging\log4j\log4j-api\2.12.1\log4j-api-2.12.1.jar;C:\Users\Indra\.m2\repository\org\slf4j\jul-to-slf4j\1.7.28\jul-to-slf4j-1.7.28.jar;C:\Users\Indra\.m2\repository\org\yaml\snakeyaml\1.25\snakeyaml-1.25.jar;C:\Users\Indra\.m2\repository\org\springframework\boot\spring-boot-test\2.2.0.BUILD-SNAPSHOT\spring-boot-test-2.2.0.BUILD-SNAPSHOT.jar;C:\Users\Indra\.m2\repository\org\springframework\boot\spring-boot-test-autoconfigure\2.2.0.BUILD-SNAPSHOT\spring-boot-test-autoconfigure-2.2.0.BUILD-SNAPSHOT.jar;C:\Users\Indra\.m2\repository\com\jayway\jsonpath\json-path\2.4.0\json-path-2.4.0.jar;C:\Users\Indra\.m2\repository\net\minidev\json-smart\2.3\json-smart-2.3.jar;C:\Users\Indra\.m2\repository\net\minidev\accessors-smart\1.2\accessors-smart-1.2.jar;C:\Users\Indra\.m2\repository\org\ow2\asm\asm\5.0.4\asm-5.0.4.jar;C:\Users\Indra\.m2\repository\jakarta\xml\bind\jakarta.xml.bind-api\2.3.2\jakarta.xml.bind-api-2.3.2.jar;C:\Users\Indra\.m2\repository\org\junit\jupiter\junit-jupiter\5.5.2\junit-jupiter-5.5.2.jar;C:\Users\Indra\.m2\repository\org\junit\jupiter\junit-jupiter-api\5.5.2\junit-jupiter-api-5.5.2.jar;C:\Users\Indra\.m2\repository\org\apiguardian\apiguardian-api\1.1.0\apiguardian-api-1.1.0.jar;C:\Users\Indra\.m2\repository\org\opentest4j\opentest4j\1.2.0\opentest4j-1.2.0.jar;C:\Users\Indra\.m2\repository\org\junit\platform\junit-platform-commons\1.5.2\junit-platform-commons-1.5.2.jar;C:\Users\Indra\.m2\repository\org\junit\jupiter\junit-jupiter-params\5.5.2\junit-jupiter-params-5.5.2.jar;C:\Users\Indra\.m2\repository\org\junit\jupiter\junit-jupiter-engine\5.5.2\junit-jupiter-engine-5.5.2.jar;C:\Users\Indra\.m2\repository\org\junit\platform\junit-platform-engine\1.5.2\junit-platform-engine-1.5.2.jar;C:\Users\Indra\.m2\repository\org\mockito\mockito-junit-jupiter\3.1.0\mockito-junit-jupiter-3.1.0.jar;C:\Users\Indra\.m2\repository\org\assertj\assertj-core\3.13.2\assertj-core-3.13.2.jar;C:\Users\Indra\.m2\repository\org\hamcrest\hamcrest\2.1\hamcrest-2.1.jar;C:\Users\Indra\.m2\repository\org\mockito\mockito-core\3.1.0\mockito-core-3.1.0.jar;C:\Users\Indra\.m2\repository\net\bytebuddy\byte-buddy-agent\1.10.1\byte-buddy-agent-1.10.1.jar;C:\Users\Indra\.m2\repository\org\objenesis\objenesis\2.6\objenesis-2.6.jar;C:\Users\Indra\.m2\repository\org\skyscreamer\jsonassert\1.5.0\jsonassert-1.5.0.jar;C:\Users\Indra\.m2\repository\com\vaadin\external\google\android-json\0.0.20131108.vaadin1\android-json-0.0.20131108.vaadin1.jar;C:\Users\Indra\.m2\repository\org\springframework\spring-test\5.2.0.RELEASE\spring-test-5.2.0.RELEASE.jar;C:\Users\Indra\.m2\repository\org\xmlunit\xmlunit-core\2.6.3\xmlunit-core-2.6.3.jar;"/>
    <property name="sun.cpu.endian" value="little"/>
    <property name="user.home" value="C:\Users\Indra"/>
    <property name="user.language" value="es"/>
    <property name="java.specification.vendor" value="Oracle Corporation"/>
    <property name="java.home" value="C:\Program Files\Java\jdk1.8.0_181\jre"/>
    <property name="basedir" value="C:\git\soap-curse-springboot\soap-curse-springboot"/>
    <property name="file.separator" value="\"/>
    <property name="line.separator" value="&#10;"/>
    <property name="java.vm.specification.vendor" value="Oracle Corporation"/>
    <property name="java.specification.name" value="Java Platform API Specification"/>
    <property name="java.awt.graphicsenv" value="sun.awt.Win32GraphicsEnvironment"/>
    <property name="surefire.real.class.path" value="C:\Users\Indra\AppData\Local\Temp\surefire8807433084648178378\surefirebooter9016100033317101334.jar"/>
    <property name="sun.boot.class.path" value="C:\Program Files\Java\jdk1.8.0_181\jre\lib\resources.jar;C:\Program Files\Java\jdk1.8.0_181\jre\lib\rt.jar;C:\Program Files\Java\jdk1.8.0_181\jre\lib\sunrsasign.jar;C:\Program Files\Java\jdk1.8.0_181\jre\lib\jsse.jar;C:\Program Files\Java\jdk1.8.0_181\jre\lib\jce.jar;C:\Program Files\Java\jdk1.8.0_181\jre\lib\charsets.jar;C:\Program Files\Java\jdk1.8.0_181\jre\lib\jfr.jar;C:\Program Files\Java\jdk1.8.0_181\jre\classes"/>
    <property name="user.script" value=""/>
    <property name="sun.management.compiler" value="HotSpot 64-Bit Tiered Compilers"/>
    <property name="java.runtime.version" value="1.8.0_181-b13"/>
    <property name="user.name" value="Indra"/>
    <property name="path.separator" value=";"/>
    <property name="os.version" value="10.0"/>
    <property name="java.endorsed.dirs" value="C:\Program Files\Java\jdk1.8.0_181\jre\lib\endorsed"/>
    <property name="java.runtime.name" value="Java(TM) SE Runtime Environment"/>
    <property name="file.encoding" value="Cp1252"/>
    <property name="java.vm.name" value="Java HotSpot(TM) 64-Bit Server VM"/>
    <property name="localRepository" value="C:\Users\Indra\.m2\repository"/>
    <property name="java.vendor.url.bug" value="http://bugreport.sun.com/bugreport/"/>
    <property name="java.io.tmpdir" value="C:\Users\Indra\AppData\Local\Temp\"/>
    <property name="java.version" value="1.8.0_181"/>
    <property name="user.dir" value="C:\git\soap-curse-springboot\soap-curse-springboot"/>
    <property name="os.arch" value="amd64"/>
    <property name="java.vm.specification.name" value="Java Virtual Machine Specification"/>
    <property name="java.awt.printerjob" value="sun.awt.windows.WPrinterJob"/>
    <property name="sun.os.patch.level" value=""/>
    <property name="java.library.path" value="C:\Program Files\Java\jdk1.8.0_181\jre\bin;C:\WINDOWS\Sun\Java\bin;C:\WINDOWS\system32;C:\WINDOWS;C:/Program Files/Java/jre1.8.0_181/bin/server;C:/Program Files/Java/jre1.8.0_181/bin;C:/Program Files/Java/jre1.8.0_181/lib/amd64;C:\Program Files (x86)\Common Files\Oracle\Java\javapath;C:\Program Files (x86)\Intel\iCLS Client\;C:\Program Files\Intel\iCLS Client\;C:\WINDOWS\system32;C:\WINDOWS;C:\WINDOWS\System32\Wbem;C:\WINDOWS\System32\WindowsPowerShell\v1.0\;C:\Program Files (x86)\Intel\Intel(R) Management Engine Components\DAL;C:\Program Files\Intel\Intel(R) Management Engine Components\DAL;C:\Program Files (x86)\Intel\Intel(R) Management Engine Components\IPT;C:\Program Files\Intel\Intel(R) Management Engine Components\IPT;C:\Program Files\nodejs\;C:\PostgreSQL\pg10\bin;C:\Program Files\Git\cmd;C:\Program Files\TortoiseSVN\bin;C:\WINDOWS\System32\OpenSSH\;C:\Users\Indra\AppData\Local\Microsoft\WindowsApps;C:\Users\Indra\AppData\Roaming\npm;;C:\eclipse-jee-photon-R-win32-x86_64\eclipse;;."/>
    <property name="java.vm.info" value="mixed mode"/>
    <property name="java.vendor" value="Oracle Corporation"/>
    <property name="java.vm.version" value="25.181-b13"/>
    <property name="java.ext.dirs" value="C:\Program Files\Java\jdk1.8.0_181\jre\lib\ext;C:\WINDOWS\Sun\Java\lib\ext"/>
    <property name="sun.io.unicode.encoding" value="UnicodeLittle"/>
    <property name="java.class.version" value="52.0"/>
  </properties>
  <testcase name="contextLoads" classname="com.soap.webservices.soapcursespringboot.SoapCurseSpringbootApplicationTests" time="0.088"/>
</testsuite>